2025-07-23 16:40:03,584 - INFO - --- Démarrage de l'entraînement du modèle ---
2025-07-23 16:40:03,584 - INFO - Chargement des données...
2025-07-23 16:40:03,614 - INFO - Forme de X_train_raw : (4600, 16), y_train : (4600,)
2025-07-23 16:40:03,614 - INFO - Forme de X_test_raw : (4600, 16), y_test : (4600,)
2025-07-23 16:40:03,616 - INFO - Application de la transformation logarithmique à la variable cible (prix)...
2025-07-23 16:40:03,616 - INFO - Application de l'ingénierie des caractéristiques aux données d'entraînement...
2025-07-23 16:40:03,640 - INFO - Forme de X_train_fe après ingénierie (avant préprocesseur) : (4600, 23)
2025-07-23 16:40:03,640 - INFO - Caractéristiques Numériques Finales pour le Préprocesseur (10): ['bathrooms', 'days_since_ref', 'house_age', 'is_renovated', 'renovation_age', 'sqft_ratio_living_lot', 'building_total_sqft', 'sqft_living_per_bedroom', 'sqft_living_per_bathroom', 'waterfront_x_sqft_living']
2025-07-23 16:40:03,653 - INFO - Caractéristiques Catégorielles Finales pour le Préprocesseur (7): ['waterfront_cat', 'view_cat', 'condition_cat', 'floors_cat', 'bedrooms_cat', 'sale_year', 'sale_month']
2025-07-23 16:40:03,653 - INFO - Entraînement du modèle XGBoost sur la cible transformée...
2025-07-23 16:40:04,026 - INFO - Entraînement du modèle XGBoost terminé.
2025-07-23 16:40:04,028 - INFO - 
Application de l'ingénierie des caractéristiques aux données de test...
2025-07-23 16:40:04,059 - INFO - Forme de X_test_fe après ingénierie (avant préprocesseur) : (4600, 23)
2025-07-23 16:40:04,059 - INFO - 
Prédiction sur l'ensemble de test...
2025-07-23 16:40:04,088 - INFO - Inversion de la transformation logarithmique pour obtenir les prédictions réelles...
2025-07-23 16:40:04,096 - INFO - 
Évaluation du modèle sur l'ensemble de test (avec les prix réels)...
2025-07-23 16:40:04,097 - INFO - Erreur Absolue Moyenne (MAE) : 129263.19
2025-07-23 16:40:04,099 - INFO - Erreur Quadratique Moyenne (MSE) : 176937137702.79
2025-07-23 16:40:04,100 - INFO - Racine Carrée de l'Erreur Quadratique Moyenne (RMSE) : 420638.96
2025-07-23 16:40:04,100 - INFO - R-carré (R2) : 0.44
2025-07-23 16:40:04,122 - INFO - Modèle sauvegardé avec succès dans D:\Prediction_of_house_prices\src\..\models\linear_regression_model.pkl
2025-07-23 16:40:04,122 - INFO - --- Entraînement du modèle terminé ---
2025-07-23 18:24:18,289 - INFO - --- Démarrage de l'entraînement du modèle ---
2025-07-23 18:24:18,289 - INFO - Chargement des données...
2025-07-23 18:24:18,340 - INFO - Forme de X_train_raw : (4600, 16), y_train : (4600,)
2025-07-23 18:24:18,340 - INFO - Forme de X_test_raw : (4600, 16), y_test : (4600,)
2025-07-23 18:24:18,340 - INFO - Application de la transformation logarithmique à la variable cible (prix)...
2025-07-23 18:24:18,340 - INFO - Application de l'ingénierie des caractéristiques aux données d'entraînement...
2025-07-23 18:24:18,372 - INFO - Forme de X_train_fe après ingénierie (avant préprocesseur) : (4600, 23)
2025-07-23 18:24:18,372 - INFO - Caractéristiques Numériques Finales pour le Préprocesseur (10): ['bathrooms', 'days_since_ref', 'house_age', 'is_renovated', 'renovation_age', 'sqft_ratio_living_lot', 'building_total_sqft', 'sqft_living_per_bedroom', 'sqft_living_per_bathroom', 'waterfront_x_sqft_living']
2025-07-23 18:24:18,372 - INFO - Caractéristiques Catégorielles Finales pour le Préprocesseur (7): ['waterfront_cat', 'view_cat', 'condition_cat', 'floors_cat', 'bedrooms_cat', 'sale_year', 'sale_month']
2025-07-23 18:24:18,372 - INFO - Entraînement du modèle XGBoost sur la cible transformée...
2025-07-23 18:24:18,918 - INFO - Entraînement du modèle XGBoost terminé.
2025-07-23 18:24:18,918 - INFO - 
Application de l'ingénierie des caractéristiques aux données de test...
2025-07-23 18:24:18,959 - INFO - Forme de X_test_fe après ingénierie (avant préprocesseur) : (4600, 23)
2025-07-23 18:24:18,959 - INFO - 
Prédiction sur l'ensemble de test...
2025-07-23 18:24:18,990 - INFO - Inversion de la transformation logarithmique pour obtenir les prédictions réelles...
2025-07-23 18:24:18,990 - INFO - 
Évaluation du modèle sur l'ensemble de test (avec les prix réels)...
2025-07-23 18:24:18,993 - INFO - Erreur Absolue Moyenne (MAE) : 129263.19
2025-07-23 18:24:18,993 - INFO - Erreur Quadratique Moyenne (MSE) : 176937137702.79
2025-07-23 18:24:18,994 - INFO - Racine Carrée de l'Erreur Quadratique Moyenne (RMSE) : 420638.96
2025-07-23 18:24:18,994 - INFO - R-carré (R2) : 0.44
2025-07-23 18:24:19,021 - INFO - Modèle sauvegardé avec succès dans D:\Prediction_of_house_prices\src\..\models\xgboost_model.pkl
2025-07-23 18:24:19,023 - INFO - --- Entraînement du modèle terminé ---
2025-07-24 01:56:58,994 - INFO - --- Démarrage de l'entraînement avec optimisation des hyperparamètres ---
2025-07-24 01:56:58,994 - INFO - Chargement des données...
2025-07-24 01:56:59,033 - INFO - Forme de X_train_raw : (4600, 16), y_train : (4600,)
2025-07-24 01:56:59,033 - INFO - Forme de X_test_raw : (4600, 16), y_test : (4600,)
2025-07-24 01:56:59,033 - INFO - Application de l'ingénierie des caractéristiques aux données d'entraînement...
2025-07-24 01:56:59,068 - INFO - Forme de X_train_fe après ingénierie (avant préprocesseur) : (4600, 23)
2025-07-24 01:56:59,068 - INFO - Caractéristiques Numériques Finales (10): ['bathrooms', 'days_since_ref', 'house_age', 'is_renovated', 'renovation_age', 'sqft_ratio_living_lot', 'building_total_sqft', 'sqft_living_per_bedroom', 'sqft_living_per_bathroom', 'waterfront_x_sqft_living']
2025-07-24 01:56:59,068 - INFO - Caractéristiques Catégorielles Finales (7): ['waterfront_cat', 'view_cat', 'condition_cat', 'floors_cat', 'bedrooms_cat', 'sale_year', 'sale_month']
2025-07-24 01:56:59,068 - INFO - Lancement de la recherche aléatoire des hyperparamètres...
2025-07-24 01:57:14,501 - INFO - Meilleurs paramètres trouvés :
2025-07-24 01:57:14,503 - INFO - {'regressor__subsample': 0.6, 'regressor__reg_lambda': 1.5, 'regressor__reg_alpha': 0.01, 'regressor__n_estimators': 100, 'regressor__max_depth': 9, 'regressor__learning_rate': 0.01, 'regressor__gamma': 0.1, 'regressor__colsample_bytree': 0.8}
2025-07-24 01:57:14,503 - INFO - Meilleure performance (MAE négatif) : -0.7054233939636716
2025-07-24 01:57:14,505 - INFO - Application de l'ingénierie des caractéristiques aux données de test...
2025-07-24 01:57:14,621 - INFO - Évaluation finale sur le test : MAE=181256.83, MSE=281113133296.23, RMSE=530201.03, R2=0.12
2025-07-24 01:57:14,642 - INFO - Modèle sauvegardé avec succès dans D:\Prediction_of_house_prices\src\..\models\xgboost_model.pkl
2025-07-24 01:57:14,643 - INFO - --- Entraînement et optimisation terminés ---
2025-07-24 02:00:46,280 - INFO - --- Démarrage de l'entraînement du modèle ---
2025-07-24 02:00:46,280 - INFO - Chargement des données...
2025-07-24 02:00:46,303 - INFO - Forme de X_train_raw : (4600, 16), y_train : (4600,)
2025-07-24 02:00:46,303 - INFO - Forme de X_test_raw : (4600, 16), y_test : (4600,)
2025-07-24 02:00:46,303 - INFO - Application de la transformation logarithmique à la variable cible (prix)...
2025-07-24 02:00:46,303 - INFO - Application de l'ingénierie des caractéristiques aux données d'entraînement...
2025-07-24 02:00:46,337 - INFO - Forme de X_train_fe après ingénierie (avant préprocesseur) : (4600, 23)
2025-07-24 02:00:46,337 - INFO - Caractéristiques Numériques Finales pour le Préprocesseur (10): ['bathrooms', 'days_since_ref', 'house_age', 'is_renovated', 'renovation_age', 'sqft_ratio_living_lot', 'building_total_sqft', 'sqft_living_per_bedroom', 'sqft_living_per_bathroom', 'waterfront_x_sqft_living']
2025-07-24 02:00:46,338 - INFO - Caractéristiques Catégorielles Finales pour le Préprocesseur (7): ['waterfront_cat', 'view_cat', 'condition_cat', 'floors_cat', 'bedrooms_cat', 'sale_year', 'sale_month']
2025-07-24 02:03:42,804 - INFO - --- Démarrage de l'entraînement du modèle ---
2025-07-24 02:03:42,804 - INFO - Chargement des données...
2025-07-24 02:03:42,833 - INFO - Forme de X_train_raw : (4600, 16), y_train : (4600,)
2025-07-24 02:03:42,833 - INFO - Forme de X_test_raw : (4600, 16), y_test : (4600,)
2025-07-24 02:03:42,833 - INFO - Application de la transformation logarithmique à la variable cible (prix)...
2025-07-24 02:03:42,834 - INFO - Application de l'ingénierie des caractéristiques aux données d'entraînement...
2025-07-24 02:03:42,862 - INFO - Forme de X_train_fe après ingénierie (avant préprocesseur) : (4600, 23)
2025-07-24 02:03:42,862 - INFO - Caractéristiques Numériques Finales pour le Préprocesseur (10): ['bathrooms', 'days_since_ref', 'house_age', 'is_renovated', 'renovation_age', 'sqft_ratio_living_lot', 'building_total_sqft', 'sqft_living_per_bedroom', 'sqft_living_per_bathroom', 'waterfront_x_sqft_living']
2025-07-24 02:03:42,862 - INFO - Caractéristiques Catégorielles Finales pour le Préprocesseur (7): ['waterfront_cat', 'view_cat', 'condition_cat', 'floors_cat', 'bedrooms_cat', 'sale_year', 'sale_month']
2025-07-24 02:03:42,862 - INFO - Entraînement du modèle XGBoost sur la cible transformée...
2025-07-24 02:03:43,275 - INFO - Entraînement du modèle XGBoost terminé.
2025-07-24 02:03:43,275 - INFO - 
Application de l'ingénierie des caractéristiques aux données de test...
2025-07-24 02:03:43,314 - INFO - Forme de X_test_fe après ingénierie (avant préprocesseur) : (4600, 23)
2025-07-24 02:03:43,314 - INFO - 
Prédiction sur l'ensemble de test...
2025-07-24 02:03:43,335 - INFO - Inversion de la transformation logarithmique pour obtenir les prédictions réelles...
2025-07-24 02:03:43,335 - INFO - 
Évaluation du modèle sur l'ensemble de test (avec les prix réels)...
2025-07-24 02:03:43,337 - INFO - Erreur Absolue Moyenne (MAE) : 130974.45
2025-07-24 02:03:43,337 - INFO - Erreur Quadratique Moyenne (MSE) : 185464439811.32
2025-07-24 02:03:43,338 - INFO - Racine Carrée de l'Erreur Quadratique Moyenne (RMSE) : 430655.83
2025-07-24 02:03:43,338 - INFO - R-carré (R2) : 0.42
2025-07-24 02:03:43,360 - INFO - Modèle sauvegardé avec succès dans D:\Prediction_of_house_prices\src\..\models\xgboost_model.pkl
2025-07-24 02:03:43,360 - INFO - --- Entraînement du modèle terminé ---
2025-07-24 02:06:55,108 - INFO - --- Démarrage de l'entraînement du modèle ---
2025-07-24 02:06:55,108 - INFO - Chargement des données...
2025-07-24 02:06:55,142 - INFO - Forme de X_train_raw : (4600, 16), y_train : (4600,)
2025-07-24 02:06:55,142 - INFO - Forme de X_test_raw : (4600, 16), y_test : (4600,)
2025-07-24 02:06:55,143 - INFO - Application de la transformation logarithmique à la variable cible (prix)...
2025-07-24 02:06:55,143 - INFO - Application de l'ingénierie des caractéristiques aux données d'entraînement...
2025-07-24 02:06:55,166 - INFO - Forme de X_train_fe après ingénierie (avant préprocesseur) : (4600, 23)
2025-07-24 02:06:55,166 - INFO - Caractéristiques Numériques Finales pour le Préprocesseur (10): ['bathrooms', 'days_since_ref', 'house_age', 'is_renovated', 'renovation_age', 'sqft_ratio_living_lot', 'building_total_sqft', 'sqft_living_per_bedroom', 'sqft_living_per_bathroom', 'waterfront_x_sqft_living']
2025-07-24 02:06:55,166 - INFO - Caractéristiques Catégorielles Finales pour le Préprocesseur (7): ['waterfront_cat', 'view_cat', 'condition_cat', 'floors_cat', 'bedrooms_cat', 'sale_year', 'sale_month']
2025-07-24 02:06:55,166 - INFO - Entraînement du modèle XGBoost sur la cible transformée...
2025-07-24 02:06:55,528 - INFO - Entraînement du modèle XGBoost terminé.
2025-07-24 02:06:55,528 - INFO - 
Application de l'ingénierie des caractéristiques aux données de test...
2025-07-24 02:06:55,561 - INFO - Forme de X_test_fe après ingénierie (avant préprocesseur) : (4600, 23)
2025-07-24 02:06:55,561 - INFO - 
Prédiction sur l'ensemble de test...
2025-07-24 02:06:55,581 - INFO - Inversion de la transformation logarithmique pour obtenir les prédictions réelles...
2025-07-24 02:06:55,581 - INFO - 
Évaluation du modèle sur l'ensemble de test (avec les prix réels)...
2025-07-24 02:06:55,584 - INFO - Erreur Absolue Moyenne (MAE) : 130974.45
2025-07-24 02:06:55,584 - INFO - Erreur Quadratique Moyenne (MSE) : 185464439811.32
2025-07-24 02:06:55,584 - INFO - Racine Carrée de l'Erreur Quadratique Moyenne (RMSE) : 430655.83
2025-07-24 02:06:55,584 - INFO - R-carré (R2) : 0.42
2025-07-24 02:06:55,603 - INFO - Modèle sauvegardé avec succès dans D:\Prediction_of_house_prices\src\..\models\xgboost_model.pkl
2025-07-24 02:06:55,605 - INFO - --- Entraînement du modèle terminé ---
2025-07-24 02:07:53,635 - INFO - --- Démarrage de l'entraînement du modèle ---
2025-07-24 02:07:53,635 - INFO - Chargement des données...
2025-07-24 02:07:53,665 - INFO - Forme de X_train_raw : (4600, 16), y_train : (4600,)
2025-07-24 02:07:53,665 - INFO - Forme de X_test_raw : (4600, 16), y_test : (4600,)
2025-07-24 02:07:53,665 - INFO - Application de la transformation logarithmique à la variable cible (prix)...
2025-07-24 02:07:53,665 - INFO - Application de l'ingénierie des caractéristiques aux données d'entraînement...
2025-07-24 02:07:53,700 - INFO - Forme de X_train_fe après ingénierie (avant préprocesseur) : (4600, 23)
2025-07-24 02:07:53,700 - INFO - Caractéristiques Numériques Finales pour le Préprocesseur (10): ['bathrooms', 'days_since_ref', 'house_age', 'is_renovated', 'renovation_age', 'sqft_ratio_living_lot', 'building_total_sqft', 'sqft_living_per_bedroom', 'sqft_living_per_bathroom', 'waterfront_x_sqft_living']
2025-07-24 02:07:53,703 - INFO - Caractéristiques Catégorielles Finales pour le Préprocesseur (7): ['waterfront_cat', 'view_cat', 'condition_cat', 'floors_cat', 'bedrooms_cat', 'sale_year', 'sale_month']
2025-07-24 02:07:53,704 - INFO - Entraînement du modèle XGBoost sur la cible transformée...
2025-07-24 02:07:54,116 - INFO - Entraînement du modèle XGBoost terminé.
2025-07-24 02:07:54,116 - INFO - 
Application de l'ingénierie des caractéristiques aux données de test...
2025-07-24 02:07:54,149 - INFO - Forme de X_test_fe après ingénierie (avant préprocesseur) : (4600, 23)
2025-07-24 02:07:54,149 - INFO - 
Prédiction sur l'ensemble de test...
2025-07-24 02:07:54,176 - INFO - Inversion de la transformation logarithmique pour obtenir les prédictions réelles...
2025-07-24 02:07:54,176 - INFO - 
Évaluation du modèle sur l'ensemble de test (avec les prix réels)...
2025-07-24 02:07:54,178 - INFO - Erreur Absolue Moyenne (MAE) : 130155.89
2025-07-24 02:07:54,178 - INFO - Erreur Quadratique Moyenne (MSE) : 182682406766.93
2025-07-24 02:07:54,178 - INFO - Racine Carrée de l'Erreur Quadratique Moyenne (RMSE) : 427413.62
2025-07-24 02:07:54,178 - INFO - R-carré (R2) : 0.43
2025-07-24 02:07:54,195 - INFO - Modèle sauvegardé avec succès dans D:\Prediction_of_house_prices\src\..\models\xgboost_model.pkl
2025-07-24 02:07:54,195 - INFO - --- Entraînement du modèle terminé ---
