2025-07-23 16:41:06,727 - INFO - Chargement du modèle depuis D:\Prediction_of_house_prices\src\..\models\linear_regression_model.pkl...
2025-07-23 16:41:07,734 - INFO - Modèle chargé avec succès.
2025-07-23 16:41:07,734 - INFO - Préparation d'un échantillon de données d'entrée pour la démonstration.
2025-07-23 16:41:07,734 - CRITICAL - Échec du chargement des données d'échantillon pour la prédiction : module 'src.config' has no attribute 'load_data'
2025-07-23 18:24:37,396 - INFO - Chargement du modèle depuis D:\Prediction_of_house_prices\src\..\models\xgboost_model.pkl...
2025-07-23 18:24:38,305 - INFO - Modèle chargé avec succès.
2025-07-23 18:24:38,305 - INFO - Préparation d'un échantillon de données d'entrée pour la démonstration.
2025-07-23 18:24:38,305 - CRITICAL - Échec du chargement des données d'échantillon pour la prédiction : module 'src.config' has no attribute 'load_data'
2025-07-23 18:26:15,565 - INFO - Chargement du modèle depuis D:\Prediction_of_house_prices\src\..\models\xgboost_model.pkl...
2025-07-23 18:26:16,683 - INFO - Modèle chargé avec succès.
2025-07-23 18:26:16,683 - INFO - Préparation d'un échantillon de données d'entrée pour la démonstration.
2025-07-23 18:26:16,736 - INFO - Échantillon de données d'entrée chargé avec la forme : (5, 16)
2025-07-23 18:26:16,769 - INFO - Application de l'ingénierie des caractéristiques aux données d'entrée...
2025-07-23 18:26:16,784 - INFO - Réalisation de la prédiction...
2025-07-23 18:26:16,793 - INFO - Prédiction terminée.
2025-07-23 18:26:16,793 - INFO - Inversion de la transformation logarithmique des prédictions...
2025-07-23 18:26:16,794 - INFO - Prix prédits : [3.2979394e+05 2.1287640e+06 3.5182706e+05 3.4901553e+05 4.4281719e+05]
2025-07-23 18:26:16,807 - INFO - Prédictions sauvegardées dans predictions/latest_predictions.csv
2025-07-24 02:04:18,547 - INFO - Chargement du modèle depuis D:\Prediction_of_house_prices\src\..\models\xgboost_model.pkl...
2025-07-24 02:04:19,493 - INFO - Modèle chargé avec succès.
2025-07-24 02:04:19,493 - INFO - Préparation d'un échantillon de données d'entrée pour la démonstration.
2025-07-24 02:04:19,522 - INFO - Échantillon de données d'entrée chargé avec la forme : (5, 16)
2025-07-24 02:04:19,541 - INFO - Application de l'ingénierie des caractéristiques aux données d'entrée...
2025-07-24 02:04:19,553 - INFO - Réalisation de la prédiction...
2025-07-24 02:04:19,564 - INFO - Prédiction terminée.
2025-07-24 02:04:19,565 - INFO - Inversion de la transformation logarithmique des prédictions...
2025-07-24 02:04:19,566 - INFO - Prix prédits : [3.4434691e+05 2.1858215e+06 3.5972862e+05 3.5402019e+05 4.8227612e+05]
2025-07-24 02:04:19,569 - INFO - Prédictions sauvegardées dans predictions/latest_predictions.csv
2025-07-24 02:55:30,291 - INFO - Chargement du modèle depuis D:\Prediction_of_house_prices\src\..\models\xgboost_model.pkl...
2025-07-24 02:55:33,406 - INFO - Modèle chargé avec succès.
2025-07-24 03:01:45,883 - INFO - Chargement du modèle depuis D:\Prediction_of_house_prices\src\..\models\xgboost_model.pkl...
2025-07-24 03:01:46,906 - INFO - Modèle chargé avec succès.
2025-07-24 03:03:59,860 - INFO - Application de l'ingénierie des caractéristiques aux données d'entrée...
2025-07-24 03:03:59,915 - INFO - Réalisation de la prédiction...
2025-07-24 03:03:59,938 - INFO - Prédiction terminée.
2025-07-24 03:03:59,942 - INFO - Inversion de la transformation logarithmique des prédictions...
2025-07-24 03:24:41,665 - INFO - Chargement du modèle depuis D:\Prediction_of_house_prices\src\..\models\xgboost_model.pkl...
2025-07-24 03:24:42,635 - INFO - Modèle chargé avec succès.
2025-07-24 03:24:42,635 - INFO - Préparation d'un échantillon de données d'entrée pour la démonstration.
2025-07-24 03:24:42,675 - INFO - Échantillon de données d'entrée chargé avec la forme : (5, 16)
2025-07-24 03:24:42,694 - INFO - Application de l'ingénierie des caractéristiques aux données d'entrée...
2025-07-24 03:24:42,706 - INFO - Réalisation de la prédiction...
2025-07-24 03:24:42,715 - INFO - Prédiction terminée.
2025-07-24 03:24:42,716 - INFO - Inversion de la transformation logarithmique des prédictions...
2025-07-24 03:24:42,718 - INFO - Prix prédits : [3.3407534e+05 1.9657211e+06 3.5307406e+05 3.7592756e+05 4.4489431e+05]
2025-07-24 03:24:42,723 - INFO - Prédictions sauvegardées dans predictions/latest_predictions.csv
